#
# There is insufficient memory for the Java Runtime Environment to continue.
# Native memory allocation (malloc) failed to allocate 1048576 bytes for AllocateHeap
# Possible reasons:
#   The system is out of physical RAM or swap space
#   The process is running with CompressedOops enabled, and the Java Heap may be blocking the growth of the native heap
# Possible solutions:
#   Reduce memory load on the system
#   Increase physical memory or swap space
#   Check if swap backing store is full
#   Decrease Java heap size (-Xmx/-Xms)
#   Decrease number of Java threads
#   Decrease Java thread stack sizes (-Xss)
#   Set larger code cache with -XX:ReservedCodeCacheSize=
#   JVM is running with Zero Based Compressed Oops mode in which the Java heap is
#     placed in the first 32GB address space. The Java Heap base address is the
#     maximum limit for the native heap growth. Please use -XX:HeapBaseMinAddress
#     to set the Java Heap base and to place the Java Heap above 32GB virtual address.
# This output file may be truncated or incomplete.
#
#  Out of Memory Error (memory/allocation.inline.hpp:61), pid=9320, tid=0x0000000000002a60
#
# JRE version:  (8.0_231-b11) (build )
# Java VM: Java HotSpot(TM) 64-Bit Server VM (25.231-b11 mixed mode windows-amd64 compressed oops)
# Failed to write core dump. Minidumps are not enabled by default on client versions of Windows
#

---------------  T H R E A D  ---------------

Current thread (0x0000000003244000):  JavaThread "Unknown thread" [_thread_in_vm, id=10848, stack(0x0000000002f50000,0x0000000003050000)]

Stack: [0x0000000002f50000,0x0000000003050000]
[error occurred during error reporting (printing stack bounds), id 0xc0000005]

Native frames: (J=compiled Java code, j=interpreted, Vv=VM code, C=native code)


---------------  P R O C E S S  ---------------

Java Threads: ( => current thread )

Other Threads:

=>0x0000000003244000 (exited) JavaThread "Unknown thread" [_thread_in_vm, id=10848, stack(0x0000000002f50000,0x0000000003050000)]

VM state:not at safepoint (normal execution)

VM Mutex/Monitor currently owned by a thread: None

heap address: 0x00000006c1a00000, size: 4070 MB, Compressed Oops mode: Zero based, Oop shift amount: 3
Narrow klass base: 0x0000000000000000, Narrow klass shift: 3
Compressed class space size: 1073741824 Address: 0x00000007c0000000

Heap:
 PSYoungGen      total 76288K, used 1310K [0x000000076b380000, 0x0000000770880000, 0x00000007c0000000)
  eden space 65536K, 2% used [0x000000076b380000,0x000000076b4c7af0,0x000000076f380000)
  from space 10752K, 0% used [0x000000076fe00000,0x000000076fe00000,0x0000000770880000)
  to   space 10752K, 0% used [0x000000076f380000,0x000000076f380000,0x000000076fe00000)
 ParOldGen       total 175104K, used 0K [0x00000006c1a00000, 0x00000006cc500000, 0x000000076b380000)
  object space 175104K, 0% used [0x00000006c1a00000,0x00000006c1a00000,0x00000006cc500000)
 Metaspace       used 776K, capacity 4480K, committed 4480K, reserved 1056768K
  class space    used 76K, capacity 384K, committed 384K, reserved 1048576K

Card table byte_map: [0x0000000012700000,0x0000000012f00000] byte_map_base: 0x000000000f0f3000

Marking Bits: (ParMarkBitMap*) 0x00000000665d6d90
 Begin Bits: [0x0000000013c50000, 0x0000000017be8000)
 End Bits:   [0x0000000017be8000, 0x000000001bb80000)

Polling page: 0x0000000001630000

CodeCache: size=245760Kb used=328Kb max_used=328Kb free=245431Kb
 bounds [0x0000000003340000, 0x00000000035b0000, 0x0000000012340000]
 total_blobs=58 nmethods=0 adapters=38
 compilation: enabled

Compilation events (0 events):
No events

GC Heap History (0 events):
No events

Deoptimization events (0 events):
No events

Classes redefined (0 events):
No events

Internal exceptions (0 events):
No events

Events (10 events):
Event: 0.033 loading class java/lang/Short
Event: 0.033 loading class java/lang/Short done
Event: 0.033 loading class java/lang/Integer
Event: 0.033 loading class java/lang/Integer done
Event: 0.033 loading class java/lang/Long
Event: 0.033 loading class java/lang/Long done
Event: 0.034 loading class java/lang/NullPointerException
Event: 0.034 loading class java/lang/NullPointerException done
Event: 0.034 loading class java/lang/ArithmeticException
Event: 0.034 loading class java/lang/ArithmeticException done


Dynamic libraries:
0x00007ff7b60b0000 - 0x00007ff7b60e7000 	C:\Program Files\Java\jdk1.8.0_231\bin\java.exe
0x00007ff885650000 - 0x00007ff885845000 	C:\WINDOWS\SYSTEM32\ntdll.dll
0x00007ff885470000 - 0x00007ff88552e000 	C:\WINDOWS\System32\KERNEL32.DLL
0x00007ff882ff0000 - 0x00007ff8832b8000 	C:\WINDOWS\System32\KERNELBASE.dll
0x00007ff8839c0000 - 0x00007ff883a6c000 	C:\WINDOWS\System32\ADVAPI32.dll
0x00007ff885140000 - 0x00007ff8851de000 	C:\WINDOWS\System32\msvcrt.dll
0x00007ff883d20000 - 0x00007ff883dbb000 	C:\WINDOWS\System32\sechost.dll
0x00007ff883a70000 - 0x00007ff883b9a000 	C:\WINDOWS\System32\RPCRT4.dll
0x00007ff883e50000 - 0x00007ff883ff1000 	C:\WINDOWS\System32\USER32.dll
0x00007ff882e60000 - 0x00007ff882e82000 	C:\WINDOWS\System32\win32u.dll
0x00007ff885260000 - 0x00007ff88528b000 	C:\WINDOWS\System32\GDI32.dll
0x00007ff882ee0000 - 0x00007ff882feb000 	C:\WINDOWS\System32\gdi32full.dll
0x00007ff883400000 - 0x00007ff88349d000 	C:\WINDOWS\System32\msvcp_win.dll
0x00007ff883690000 - 0x00007ff883790000 	C:\WINDOWS\System32\ucrtbase.dll
0x00007ff877ff0000 - 0x00007ff87828a000 	C:\WINDOWS\WinSxS\amd64_microsoft.windows.common-controls_6595b64144ccf1df_6.0.19041.1110_none_60b5254171f9507e\COMCTL32.dll
0x00007ff884000000 - 0x00007ff884030000 	C:\WINDOWS\System32\IMM32.DLL
0x0000000066660000 - 0x0000000066732000 	C:\Program Files\Java\jdk1.8.0_231\jre\bin\msvcr100.dll
0x0000000065db0000 - 0x0000000066656000 	C:\Program Files\Java\jdk1.8.0_231\jre\bin\server\jvm.dll
0x00007ff883e40000 - 0x00007ff883e48000 	C:\WINDOWS\System32\PSAPI.DLL
0x00007ff8795e0000 - 0x00007ff879607000 	C:\WINDOWS\SYSTEM32\WINMM.dll
0x00007ff87c260000 - 0x00007ff87c26a000 	C:\WINDOWS\SYSTEM32\VERSION.dll
0x00007ff87e6c0000 - 0x00007ff87e6c9000 	C:\WINDOWS\SYSTEM32\WSOCK32.dll
0x00007ff883940000 - 0x00007ff8839ab000 	C:\WINDOWS\System32\ws2_32.DLL
0x00007ff87db50000 - 0x00007ff87db5f000 	C:\Program Files\Java\jdk1.8.0_231\jre\bin\verify.dll
0x00007ff86bfc0000 - 0x00007ff86bfe9000 	C:\Program Files\Java\jdk1.8.0_231\jre\bin\java.dll
0x00007ff85d1b0000 - 0x00007ff85d1d3000 	C:\Program Files\Java\jdk1.8.0_231\jre\bin\instrument.dll
0x00007ff876950000 - 0x00007ff876966000 	C:\Program Files\Java\jdk1.8.0_231\jre\bin\zip.dll

VM Arguments:
jvm_args: -ea -Didea.test.cyclic.buffer.size=1048576 -javaagent:C:\Program Files\JetBrains\IntelliJ IDEA Community Edition 2021.2.3\lib\idea_rt.jar=50549:C:\Program Files\JetBrains\IntelliJ IDEA Community Edition 2021.2.3\bin -Dfile.encoding=UTF-8 
java_command: com.intellij.rt.testng.RemoteTestNGStarter -usedefaultlisteners false -socket50548 @w@C:\Users\admin\AppData\Local\Temp\idea_working_dirs_testng.tmp -temp C:\Users\admin\AppData\Local\Temp\idea_testng.tmp
java_class_path (initial): C:\Program Files\JetBrains\IntelliJ IDEA Community Edition 2021.2.3\lib\idea_rt.jar;C:\Program Files\JetBrains\IntelliJ IDEA Community Edition 2021.2.3\plugins\testng\lib\testng-rt.jar;C:\Program Files\Java\jdk1.8.0_231\jre\lib\charsets.jar;C:\Program Files\Java\jdk1.8.0_231\jre\lib\deploy.jar;C:\Program Files\Java\jdk1.8.0_231\jre\lib\ext\access-bridge-64.jar;C:\Program Files\Java\jdk1.8.0_231\jre\lib\ext\cldrdata.jar;C:\Program Files\Java\jdk1.8.0_231\jre\lib\ext\dnsns.jar;C:\Program Files\Java\jdk1.8.0_231\jre\lib\ext\jaccess.jar;C:\Program Files\Java\jdk1.8.0_231\jre\lib\ext\jfxrt.jar;C:\Program Files\Java\jdk1.8.0_231\jre\lib\ext\localedata.jar;C:\Program Files\Java\jdk1.8.0_231\jre\lib\ext\nashorn.jar;C:\Program Files\Java\jdk1.8.0_231\jre\lib\ext\sunec.jar;C:\Program Files\Java\jdk1.8.0_231\jre\lib\ext\sunjce_provider.jar;C:\Program Files\Java\jdk1.8.0_231\jre\lib\ext\sunmscapi.jar;C:\Program Files\Java\jdk1.8.0_231\jre\lib\ext\sunpkcs11.jar;C:\Program Files\Java\jdk1.8.0_231\jre\lib\ext\zipfs.jar;C:\Program Files\Java\jdk1.8.0_231\jre\lib\javaws.jar;C:\Program Files\Java\jdk1.8.0_231\jre\lib\jce.jar;C:\Program Files\Java\jdk1.8.0_231\jre\lib\jfr.jar;C:\Program Files\Java\jdk1.8.0_231\jre\lib\jfxswt.jar;C:\Program Files\Java\jdk1.8.0_231\jre\lib\jsse.jar;C:\Program Files\Java\jdk1.8.0_231\jre\lib\management-agent.jar;C:\Program Files\Java\jdk1.8.0_231\jre\lib\plugin.jar;C:\Program Files\Java\jdk1.8.0_231\jre\lib\resources.jar;C:\Program Files\Java\jdk1.8.0_231\jre\lib\rt.jar;C:\Users\admin\IdeaProjects\eu6-jdbc-practice\target\test-classes;C:\Users\admin\.m2\repository\io\rest-assured\rest-assured\4.3.2\rest-assured-4.3.2.jar;C:\Users\admin\.m2\repository\org\codehaus\groovy\groovy\3.0.6\groovy-3.0.6.jar;C:\Users\admin\.m2\repository\org\codehaus\groovy\groovy-xml\3.0.6\groovy-xml-3.0.6.jar;C:\Users\admin\.m2\repository\org\apache\httpcomponents\httpclient\4.5.3\httpclient-4.5.3.jar;C:\Users\admin\.m2\repository\org\apache\httpcom
Launcher Type: SUN_STANDARD

Environment Variables:
JAVA_HOME=C:\Program Files\Java\jdk1.8.0_231
PATH=E:\VM MACHINE\bin\;C:\Program Files (x86)\Common Files\Oracle\Java\javapath;C:\WINDOWS\system32;C:\WINDOWS;C:\WINDOWS\System32\Wbem;C:\WINDOWS\System32\WindowsPowerShell\v1.0\;E:\apache-maven-3.8.3\bin;C:\Program Files\Java\jdk1.8.0_231\bin;C:\WINDOWS\System32\OpenSSH\;C:\Program Files\Git\cmd;C:\Users\admin\AppData\Local\Microsoft\WindowsApps;
USERNAME=admin
OS=Windows_NT
PROCESSOR_IDENTIFIER=Intel64 Family 6 Model 60 Stepping 3, GenuineIntel



---------------  S Y S T E M  ---------------

OS: Windows 10.0 , 64 bit Build 19041 (10.0.19041.1348)

CPU:total 8 (initial active 8) (4 cores per cpu, 2 threads per core) family 6 model 60 stepping 3, cmov, cx8, fxsr, mmx, sse, sse2, sse3, ssse3, sse4.1, sse4.2, popcnt, avx, avx2, aes, clmul, erms, lzcnt, ht, tsc, tscinvbit, bmi1, bmi2

Memory: 4k page, physical 16664896k(787412k free), swap 24407492k(6164k free)

vm_info: Java HotSpot(TM) 64-Bit Server VM (25.231-b11) for windows-amd64 JRE (1.8.0_231-b11), built on Oct  5 2019 03:11:30 by "java_re" with MS VC++ 10.0 (VS2010)

time: Wed Dec 08 14:11:07 2021
timezone: W. Europe Standard Time
elapsed time: 0 seconds (0d 0h 0m 0s)

